0 info it worked if it ends with ok
1 verbose cli [ '/usr/bin/node',
1 verbose cli   '/usr/bin/npm',
1 verbose cli   'install',
1 verbose cli   'anf-project-lvl1-braingames' ]
2 info using npm@3.5.2
3 info using node@v8.10.0
4 silly loadCurrentTree Starting
5 silly install loadCurrentTree
6 silly install readLocalPackageData
7 silly fetchPackageMetaData anf-project-lvl1-braingames
8 silly fetchNamedPackageData anf-project-lvl1-braingames
9 silly mapToRegistry name anf-project-lvl1-braingames
10 silly mapToRegistry using default registry
11 silly mapToRegistry registry https://registry.npmjs.org/
12 silly mapToRegistry uri https://registry.npmjs.org/anf-project-lvl1-braingames
13 verbose request uri https://registry.npmjs.org/anf-project-lvl1-braingames
14 verbose request no auth needed
15 info attempt registry request try #1 at 5:20:07 PM
16 verbose request using bearer token for auth
17 verbose request id 92cc26ae2dd5a1b4
18 verbose etag W/"4336e8a6e5ed2d9656e62a618b750f22"
19 verbose lastModified Mon, 12 Aug 2019 14:02:54 GMT
20 http request GET https://registry.npmjs.org/anf-project-lvl1-braingames
21 http 304 https://registry.npmjs.org/anf-project-lvl1-braingames
22 verbose headers { date: 'Mon, 12 Aug 2019 14:20:10 GMT',
22 verbose headers   connection: 'keep-alive',
22 verbose headers   'set-cookie':
22 verbose headers    [ '__cfduid=d6a10f8a6ad62f84717cf6747771f06971565619609; expires=Tue, 11-Aug-20 14:20:09 GMT; path=/; domain=.npmjs.org; HttpOnly' ],
22 verbose headers   'cf-cache-status': 'REVALIDATED',
22 verbose headers   'cache-control': 'max-age=300',
22 verbose headers   'cf-ray': '5053169fca204e1c-DME',
22 verbose headers   etag: '"4336e8a6e5ed2d9656e62a618b750f22"',
22 verbose headers   'expect-ct': 'max-age=604800, report-uri="https://report-uri.cloudflare.com/cdn-cgi/beacon/expect-ct"',
22 verbose headers   'last-modified': 'Mon, 12 Aug 2019 14:02:54 GMT',
22 verbose headers   vary: 'accept-encoding, accept',
22 verbose headers   'x-amz-meta-rev': '11-56b8026e6b2ed1b06bd93453c61c58a7',
22 verbose headers   server: 'cloudflare' }
23 silly get cb [ 304,
23 silly get   { date: 'Mon, 12 Aug 2019 14:20:10 GMT',
23 silly get     connection: 'keep-alive',
23 silly get     'set-cookie':
23 silly get      [ '__cfduid=d6a10f8a6ad62f84717cf6747771f06971565619609; expires=Tue, 11-Aug-20 14:20:09 GMT; path=/; domain=.npmjs.org; HttpOnly' ],
23 silly get     'cf-cache-status': 'REVALIDATED',
23 silly get     'cache-control': 'max-age=300',
23 silly get     'cf-ray': '5053169fca204e1c-DME',
23 silly get     etag: '"4336e8a6e5ed2d9656e62a618b750f22"',
23 silly get     'expect-ct': 'max-age=604800, report-uri="https://report-uri.cloudflare.com/cdn-cgi/beacon/expect-ct"',
23 silly get     'last-modified': 'Mon, 12 Aug 2019 14:02:54 GMT',
23 silly get     vary: 'accept-encoding, accept',
23 silly get     'x-amz-meta-rev': '11-56b8026e6b2ed1b06bd93453c61c58a7',
23 silly get     server: 'cloudflare' } ]
24 verbose etag https://registry.npmjs.org/anf-project-lvl1-braingames from cache
25 verbose get saving anf-project-lvl1-braingames to /home/anfi/.npm/registry.npmjs.org/anf-project-lvl1-braingames/.cache.json
26 silly install normalizeTree
27 silly loadCurrentTree Finishing
28 silly loadIdealTree Starting
29 silly install loadIdealTree
30 silly cloneCurrentTree Starting
31 silly install cloneCurrentTreeToIdealTree
32 silly cloneCurrentTree Finishing
33 silly loadShrinkwrap Starting
34 silly install loadShrinkwrap
35 silly loadShrinkwrap Finishing
36 silly loadAllDepsIntoIdealTree Starting
37 silly install loadAllDepsIntoIdealTree
38 silly rollbackFailedOptional Starting
39 silly rollbackFailedOptional Finishing
40 silly runTopLevelLifecycles Starting
41 silly runTopLevelLifecycles Finishing
42 silly install printInstalled
43 verbose stack Error: Refusing to install anf-project-lvl1-braingames as a dependency of itself
43 verbose stack     at checkSelf (/usr/share/npm/lib/install/validate-args.js:40:14)
43 verbose stack     at Array.<anonymous> (/usr/share/npm/node_modules/slide/lib/bind-actor.js:15:8)
43 verbose stack     at LOOP (/usr/share/npm/node_modules/slide/lib/chain.js:15:14)
43 verbose stack     at chain (/usr/share/npm/node_modules/slide/lib/chain.js:20:5)
43 verbose stack     at /usr/share/npm/lib/install/validate-args.js:15:5
43 verbose stack     at /usr/share/npm/node_modules/slide/lib/async-map.js:52:35
43 verbose stack     at Array.forEach (<anonymous>)
43 verbose stack     at /usr/share/npm/node_modules/slide/lib/async-map.js:52:11
43 verbose stack     at Array.forEach (<anonymous>)
43 verbose stack     at asyncMap (/usr/share/npm/node_modules/slide/lib/async-map.js:51:8)
44 verbose cwd /home/anfi/proj1/src/bin
45 error Linux 4.4.0-17134-Microsoft
46 error argv "/usr/bin/node" "/usr/bin/npm" "install" "anf-project-lvl1-braingames"
47 error node v8.10.0
48 error npm  v3.5.2
49 error code ENOSELF
50 error Refusing to install anf-project-lvl1-braingames as a dependency of itself
51 error If you need help, you may report this error at:
51 error     <https://github.com/npm/npm/issues>
52 verbose exit [ 1, true ]
